This file contains any messages produced by compilers while
running configure, to aid debugging if configure makes a mistake.

It was created by MIT/GNU Scheme configure 9.2, which was
generated by GNU Autoconf 2.69.  Invocation command line was

  $ ./configure 

## --------- ##
## Platform. ##
## --------- ##

hostname = localhost.localdomain
uname -m = x86_64
uname -r = 3.10.0-693.el7.x86_64
uname -s = Linux
uname -v = #1 SMP Tue Aug 22 21:09:27 UTC 2017

/usr/bin/uname -p = x86_64
/bin/uname -X     = unknown

/bin/arch              = x86_64
/usr/bin/arch -k       = unknown
/usr/convex/getsysinfo = unknown
/usr/bin/hostinfo      = unknown
/bin/machine           = unknown
/usr/bin/oslevel       = unknown
/bin/universe          = unknown

PATH: /usr/local/bin
PATH: /usr/local/sbin
PATH: /usr/bin
PATH: /usr/sbin
PATH: /bin
PATH: /sbin
PATH: /home/xzy/.local/bin
PATH: /home/xzy/bin


## ----------- ##
## Core tests. ##
## ----------- ##

configure:2055: checking whether make sets $(MAKE)
configure:2077: result: yes
configure:2149: checking build system type
configure:2163: result: x86_64-unknown-linux-gnu
configure:2183: checking host system type
configure:2196: result: x86_64-unknown-linux-gnu
configure:2265: checking for gcc
configure:2281: found /usr/bin/gcc
configure:2292: result: gcc
configure:2521: checking for C compiler version
configure:2530: gcc --version >&5
gcc (GCC) 4.8.5 20150623 (Red Hat 4.8.5-28)
Copyright (C) 2015 Free Software Foundation, Inc.
This is free software; see the source for copying conditions.  There is NO
warranty; not even for MERCHANTABILITY or FITNESS FOR A PARTICULAR PURPOSE.

configure:2541: $? = 0
configure:2530: gcc -v >&5
Using built-in specs.
COLLECT_GCC=gcc
COLLECT_LTO_WRAPPER=/usr/libexec/gcc/x86_64-redhat-linux/4.8.5/lto-wrapper
Target: x86_64-redhat-linux
Configured with: ../configure --prefix=/usr --mandir=/usr/share/man --infodir=/usr/share/info --with-bugurl=http://bugzilla.redhat.com/bugzilla --enable-bootstrap --enable-shared --enable-threads=posix --enable-checking=release --with-system-zlib --enable-__cxa_atexit --disable-libunwind-exceptions --enable-gnu-unique-object --enable-linker-build-id --with-linker-hash-style=gnu --enable-languages=c,c++,objc,obj-c++,java,fortran,ada,go,lto --enable-plugin --enable-initfini-array --disable-libgcj --with-isl=/builddir/build/BUILD/gcc-4.8.5-20150702/obj-x86_64-redhat-linux/isl-install --with-cloog=/builddir/build/BUILD/gcc-4.8.5-20150702/obj-x86_64-redhat-linux/cloog-install --enable-gnu-indirect-function --with-tune=generic --with-arch_32=x86-64 --build=x86_64-redhat-linux
Thread model: posix
gcc version 4.8.5 20150623 (Red Hat 4.8.5-28) (GCC) 
configure:2541: $? = 0
configure:2530: gcc -V >&5
gcc: error: unrecognized command line option '-V'
gcc: fatal error: no input files
compilation terminated.
configure:2541: $? = 4
configure:2530: gcc -qversion >&5
gcc: error: unrecognized command line option '-qversion'
gcc: fatal error: no input files
compilation terminated.
configure:2541: $? = 4
configure:2561: checking whether the C compiler works
configure:2583: gcc    conftest.c  >&5
configure:2587: $? = 0
configure:2635: result: yes
configure:2638: checking for C compiler default output file name
configure:2640: result: a.out
configure:2646: checking for suffix of executables
configure:2653: gcc -o conftest    conftest.c  >&5
configure:2657: $? = 0
configure:2679: result: 
configure:2701: checking whether we are cross compiling
configure:2709: gcc -o conftest    conftest.c  >&5
configure:2713: $? = 0
configure:2720: ./conftest
configure:2724: $? = 0
configure:2739: result: no
configure:2744: checking for suffix of object files
configure:2766: gcc -c   conftest.c >&5
configure:2770: $? = 0
configure:2791: result: o
configure:2795: checking whether we are using the GNU C compiler
configure:2814: gcc -c   conftest.c >&5
configure:2814: $? = 0
configure:2823: result: yes
configure:2832: checking whether gcc accepts -g
configure:2852: gcc -c -g  conftest.c >&5
configure:2852: $? = 0
configure:2893: result: yes
configure:2910: checking for gcc option to accept ISO C89
configure:2973: gcc  -c -g -O2  conftest.c >&5
configure:2973: $? = 0
configure:2986: result: none needed
configure:3012: checking how to run the C preprocessor
configure:3043: gcc -E  conftest.c
configure:3043: $? = 0
configure:3057: gcc -E  conftest.c
conftest.c:9:28: fatal error: ac_nonexistent.h: No such file or directory
 #include <ac_nonexistent.h>
                            ^
compilation terminated.
configure:3057: $? = 1
configure: failed program was:
| /* confdefs.h */
| #define PACKAGE_NAME "MIT/GNU Scheme"
| #define PACKAGE_TARNAME "mit-scheme"
| #define PACKAGE_VERSION "9.2"
| #define PACKAGE_STRING "MIT/GNU Scheme 9.2"
| #define PACKAGE_BUGREPORT "bug-mit-scheme@gnu.org"
| #define PACKAGE_URL ""
| /* end confdefs.h.  */
| #include <ac_nonexistent.h>
configure:3082: result: gcc -E
configure:3102: gcc -E  conftest.c
configure:3102: $? = 0
configure:3116: gcc -E  conftest.c
conftest.c:9:28: fatal error: ac_nonexistent.h: No such file or directory
 #include <ac_nonexistent.h>
                            ^
compilation terminated.
configure:3116: $? = 1
configure: failed program was:
| /* confdefs.h */
| #define PACKAGE_NAME "MIT/GNU Scheme"
| #define PACKAGE_TARNAME "mit-scheme"
| #define PACKAGE_VERSION "9.2"
| #define PACKAGE_STRING "MIT/GNU Scheme 9.2"
| #define PACKAGE_BUGREPORT "bug-mit-scheme@gnu.org"
| #define PACKAGE_URL ""
| /* end confdefs.h.  */
| #include <ac_nonexistent.h>
configure:3145: checking for grep that handles long lines and -e
configure:3203: result: /usr/bin/grep
configure:3208: checking for egrep
configure:3270: result: /usr/bin/grep -E
configure:3275: checking for ANSI C header files
configure:3295: gcc -c -g -O2  conftest.c >&5
configure:3295: $? = 0
configure:3368: gcc -o conftest -g -O2   conftest.c  >&5
configure:3368: $? = 0
configure:3368: ./conftest
configure:3368: $? = 0
configure:3379: result: yes
configure:3392: checking for sys/types.h
configure:3392: gcc -c -g -O2  conftest.c >&5
configure:3392: $? = 0
configure:3392: result: yes
configure:3392: checking for sys/stat.h
configure:3392: gcc -c -g -O2  conftest.c >&5
configure:3392: $? = 0
configure:3392: result: yes
configure:3392: checking for stdlib.h
configure:3392: gcc -c -g -O2  conftest.c >&5
configure:3392: $? = 0
configure:3392: result: yes
configure:3392: checking for string.h
configure:3392: gcc -c -g -O2  conftest.c >&5
configure:3392: $? = 0
configure:3392: result: yes
configure:3392: checking for memory.h
configure:3392: gcc -c -g -O2  conftest.c >&5
configure:3392: $? = 0
configure:3392: result: yes
configure:3392: checking for strings.h
configure:3392: gcc -c -g -O2  conftest.c >&5
configure:3392: $? = 0
configure:3392: result: yes
configure:3392: checking for inttypes.h
configure:3392: gcc -c -g -O2  conftest.c >&5
configure:3392: $? = 0
configure:3392: result: yes
configure:3392: checking for stdint.h
configure:3392: gcc -c -g -O2  conftest.c >&5
configure:3392: $? = 0
configure:3392: result: yes
configure:3392: checking for unistd.h
configure:3392: gcc -c -g -O2  conftest.c >&5
configure:3392: $? = 0
configure:3392: result: yes
configure:3424: checking for native-code support
configure:3489: result: yes, for x86-64
configure:3609: checking for a BSD-compatible install
configure:3677: result: /usr/bin/install -c
configure:3688: checking whether ln -s works
configure:3692: result: yes
configure:3862: creating ./config.status

## ---------------------- ##
## Running config.status. ##
## ---------------------- ##

This file was extended by MIT/GNU Scheme config.status 9.2, which was
generated by GNU Autoconf 2.69.  Invocation command line was

  CONFIG_FILES    = 
  CONFIG_HEADERS  = 
  CONFIG_LINKS    = 
  CONFIG_COMMANDS = 
  $ ./config.status 

on localhost.localdomain

config.status:763: creating Makefile
config.status:763: creating Makefile.tools
config.status:763: creating 6001/Makefile
config.status:763: creating compiler/Makefile
config.status:763: creating cref/Makefile
config.status:763: creating edwin/Makefile
config.status:763: creating ffi/Makefile
config.status:763: creating imail/Makefile
config.status:763: creating runtime/Makefile
config.status:763: creating sf/Makefile
config.status:763: creating sos/Makefile
config.status:763: creating ssp/Makefile
config.status:763: creating star-parser/Makefile
config.status:763: creating win32/Makefile
config.status:763: creating xdoc/Makefile
config.status:763: creating xml/Makefile
configure:4954: === configuring in microcode (/home/xzy/SICP/src/microcode)
configure:5017: running /bin/sh ./configure --disable-option-checking '--prefix=/usr/local'  --cache-file=/dev/null --srcdir=.

## ---------------- ##
## Cache variables. ##
## ---------------- ##

ac_cv_build=x86_64-unknown-linux-gnu
ac_cv_c_compiler_gnu=yes
ac_cv_env_CC_set=
ac_cv_env_CC_value=
ac_cv_env_CFLAGS_set=
ac_cv_env_CFLAGS_value=
ac_cv_env_CPPFLAGS_set=
ac_cv_env_CPPFLAGS_value=
ac_cv_env_CPP_set=
ac_cv_env_CPP_value=
ac_cv_env_LDFLAGS_set=
ac_cv_env_LDFLAGS_value=
ac_cv_env_LIBS_set=
ac_cv_env_LIBS_value=
ac_cv_env_build_alias_set=
ac_cv_env_build_alias_value=
ac_cv_env_host_alias_set=
ac_cv_env_host_alias_value=
ac_cv_env_target_alias_set=
ac_cv_env_target_alias_value=
ac_cv_header_inttypes_h=yes
ac_cv_header_memory_h=yes
ac_cv_header_stdc=yes
ac_cv_header_stdint_h=yes
ac_cv_header_stdlib_h=yes
ac_cv_header_string_h=yes
ac_cv_header_strings_h=yes
ac_cv_header_sys_stat_h=yes
ac_cv_header_sys_types_h=yes
ac_cv_header_unistd_h=yes
ac_cv_host=x86_64-unknown-linux-gnu
ac_cv_objext=o
ac_cv_path_EGREP='/usr/bin/grep -E'
ac_cv_path_GREP=/usr/bin/grep
ac_cv_path_install='/usr/bin/install -c'
ac_cv_prog_CPP='gcc -E'
ac_cv_prog_ac_ct_CC=gcc
ac_cv_prog_cc_c89=
ac_cv_prog_cc_g=yes
ac_cv_prog_make_make_set=yes

## ----------------- ##
## Output variables. ##
## ----------------- ##

ALL_TARGET='all-native'
AUXDIR='$(libdir)/mit-scheme-x86-64'
AUXDIR_NAME='mit-scheme-x86-64'
CC='gcc'
CFLAGS='-g -O2'
CPP='gcc -E'
CPPFLAGS=''
DEFAULT_TARGET='compile-microcode'
DEFS='-DPACKAGE_NAME=\"MIT/GNU\ Scheme\" -DPACKAGE_TARNAME=\"mit-scheme\" -DPACKAGE_VERSION=\"9.2\" -DPACKAGE_STRING=\"MIT/GNU\ Scheme\ 9.2\" -DPACKAGE_BUGREPORT=\"bug-mit-scheme@gnu.org\" -DPACKAGE_URL=\"\" -DSTDC_HEADERS=1 -DHAVE_SYS_TYPES_H=1 -DHAVE_SYS_STAT_H=1 -DHAVE_STDLIB_H=1 -DHAVE_STRING_H=1 -DHAVE_MEMORY_H=1 -DHAVE_STRINGS_H=1 -DHAVE_INTTYPES_H=1 -DHAVE_STDINT_H=1 -DHAVE_UNISTD_H=1'
ECHO_C=''
ECHO_N='-n'
ECHO_T=''
EGREP='/usr/bin/grep -E'
EXEEXT=''
GREP='/usr/bin/grep'
IF_CROSS='#'
IF_LIARC='#'
IF_SVM='#'
INSTALL_COM='$(INSTALL_DATA)'
INSTALL_DATA='${INSTALL} -m 644'
INSTALL_LIARC_BUNDLES=''
INSTALL_PROGRAM='${INSTALL}'
INSTALL_SCRIPT='${INSTALL}'
LDFLAGS=''
LIBOBJS=''
LIBS=''
LN_S='ln -s'
LTLIBOBJS=''
MIT_SCHEME_EXE='mit-scheme-x86-64'
OBJEXT='o'
PACKAGE_BUGREPORT='bug-mit-scheme@gnu.org'
PACKAGE_NAME='MIT/GNU Scheme'
PACKAGE_STRING='MIT/GNU Scheme 9.2'
PACKAGE_TARNAME='mit-scheme'
PACKAGE_URL=''
PACKAGE_VERSION='9.2'
PATH_SEPARATOR=':'
SET_MAKE=''
SHELL='/bin/sh'
ac_ct_CC='gcc'
bindir='${exec_prefix}/bin'
build='x86_64-unknown-linux-gnu'
build_alias=''
build_cpu='x86_64'
build_os='linux-gnu'
build_vendor='unknown'
datadir='${datarootdir}'
datarootdir='${prefix}/share'
docdir='${datarootdir}/doc/${PACKAGE_TARNAME}'
dvidir='${docdir}'
exec_prefix='${prefix}'
host='x86_64-unknown-linux-gnu'
host_alias=''
host_cpu='x86_64'
host_os='linux-gnu'
host_vendor='unknown'
htmldir='${docdir}'
includedir='${prefix}/include'
infodir='${datarootdir}/info'
libdir='${exec_prefix}/lib'
libexecdir='${exec_prefix}/libexec'
localedir='${datarootdir}/locale'
localstatedir='${prefix}/var'
mandir='${datarootdir}/man'
oldincludedir='/usr/include'
pdfdir='${docdir}'
prefix='/usr/local'
program_transform_name='s,x,x,'
psdir='${docdir}'
sbindir='${exec_prefix}/sbin'
sharedstatedir='${prefix}/com'
subdirs=' microcode'
sysconfdir='${prefix}/etc'
target_alias=''

## ----------- ##
## confdefs.h. ##
## ----------- ##

/* confdefs.h */
#define PACKAGE_NAME "MIT/GNU Scheme"
#define PACKAGE_TARNAME "mit-scheme"
#define PACKAGE_VERSION "9.2"
#define PACKAGE_STRING "MIT/GNU Scheme 9.2"
#define PACKAGE_BUGREPORT "bug-mit-scheme@gnu.org"
#define PACKAGE_URL ""
#define STDC_HEADERS 1
#define HAVE_SYS_TYPES_H 1
#define HAVE_SYS_STAT_H 1
#define HAVE_STDLIB_H 1
#define HAVE_STRING_H 1
#define HAVE_MEMORY_H 1
#define HAVE_STRINGS_H 1
#define HAVE_INTTYPES_H 1
#define HAVE_STDINT_H 1
#define HAVE_UNISTD_H 1

configure: exit 0
